/usr/local/anaconda3/lib/python3.8/site-packages/torchtuples/callbacks.py:607: UserWarning: This overload of add is deprecated:
	add(Number alpha, Tensor other)
Consider using one of the following signatures instead:
	add(Tensor other, *, Number alpha) (Triggered internally at ../torch/csrc/utils/python_arg_parser.cpp:1485.)
  p.data = p.data.add(-weight_decay * eta, p.data)
                                             d=5  ...            d=20
paramsLin                         0.4171(0.1001)  ...  0.8208(0.1186)
deepCoefEst                       0.2497(0.1071)  ...  0.5462(0.1323)
DMLCoefEst                        0.2602(0.3667)  ...  0.2506(0.2461)
n_unlabeled=1000 - SSDMLCoefEst   0.1340(0.3347)  ...  0.1755(0.2323)
n_unlabeled=4000 - SSDMLCoefEst   0.0898(0.3570)  ...  0.1902(0.2586)
n_unlabeled=7000 - SSDMLCoefEst   0.0703(0.3717)  ...  0.1614(0.2621)
n_unlabeled=10000 - SSDMLCoefEst  0.0451(0.3667)  ...  0.1506(0.2661)

[7 rows x 4 columns]
\begin{tabular}{lllll}
 & d=5 & d=10 & d=15 & d=20 \\
paramsLin & 0.4171(0.1001) & 0.3933(0.0874) & 0.9042(0.1039) & 0.8208(0.1186) \\
deepCoefEst & 0.2497(0.1071) & 0.2711(0.1001) & 0.5762(0.1686) & 0.5462(0.1323) \\
DMLCoefEst & 0.2602(0.3667) & 0.2079(0.2645) & 0.2141(0.2439) & 0.2506(0.2461) \\
n_unlabeled=1000 - SSDMLCoefEst & 0.1340(0.3347) & 0.1637(0.2651) & 0.1585(0.2304) & 0.1755(0.2323) \\
n_unlabeled=4000 - SSDMLCoefEst & 0.0898(0.3570) & 0.1348(0.2546) & 0.1399(0.2415) & 0.1902(0.2586) \\
n_unlabeled=7000 - SSDMLCoefEst & 0.0703(0.3717) & 0.1143(0.2487) & 0.1228(0.2343) & 0.1614(0.2621) \\
n_unlabeled=10000 - SSDMLCoefEst & 0.0451(0.3667) & 0.1125(0.2561) & 0.1138(0.2432) & 0.1506(0.2661) \\
\end{tabular}

