/usr/local/anaconda3/lib/python3.8/site-packages/torchtuples/callbacks.py:607: UserWarning: This overload of add is deprecated:
	add(Number alpha, Tensor other)
Consider using one of the following signatures instead:
	add(Tensor other, *, Number alpha) (Triggered internally at ../torch/csrc/utils/python_arg_parser.cpp:1485.)
  p.data = p.data.add(-weight_decay * eta, p.data)
                                             d=5  ...            d=20
paramsLin                         0.4153(0.1000)  ...  0.8174(0.1140)
deepCoefEst                       0.2534(0.1136)  ...  0.5476(0.1249)
DMLCoefEst                        0.2528(0.3632)  ...  0.2378(0.2351)
n_unlabeled=1000 - SSDMLCoefEst   0.1558(0.3401)  ...  0.1763(0.2369)
n_unlabeled=4000 - SSDMLCoefEst   0.1029(0.3399)  ...  0.1032(0.2258)
n_unlabeled=7000 - SSDMLCoefEst   0.0871(0.3467)  ...  0.1084(0.2258)
n_unlabeled=10000 - SSDMLCoefEst  0.0641(0.3439)  ...  0.0728(0.2257)

[7 rows x 4 columns]
\begin{tabular}{lllll}
 & d=5 & d=10 & d=15 & d=20 \\
paramsLin & 0.4153(0.1000) & 0.3887(0.0871) & 0.9045(0.1057) & 0.8174(0.1140) \\
deepCoefEst & 0.2534(0.1136) & 0.2749(0.1009) & 0.5735(0.1540) & 0.5476(0.1249) \\
DMLCoefEst & 0.2528(0.3632) & 0.1987(0.2470) & 0.2074(0.2327) & 0.2378(0.2351) \\
n_unlabeled=1000 - SSDMLCoefEst & 0.1558(0.3401) & 0.1674(0.2511) & 0.1502(0.2333) & 0.1763(0.2369) \\
n_unlabeled=4000 - SSDMLCoefEst & 0.1029(0.3399) & 0.1048(0.2330) & 0.0835(0.2305) & 0.1032(0.2258) \\
n_unlabeled=7000 - SSDMLCoefEst & 0.0871(0.3467) & 0.0982(0.2375) & 0.0830(0.2391) & 0.1084(0.2258) \\
n_unlabeled=10000 - SSDMLCoefEst & 0.0641(0.3439) & 0.0750(0.2309) & 0.0443(0.2388) & 0.0728(0.2257) \\
\end{tabular}

